
6월 09, 2025 11:09:26.56 NEW SESSION
6월 09, 2025 11:09:26.57 [17172:9944:0609/110926.567:ERROR:chrome\browser\policy\cloud\fm_registration_token_uploader.cc:179] Client is missing for kUser scope
6월 09, 2025 11:09:26.60 WARNING: All log messages before absl::InitializeLog() is called are written to STDERR
6월 09, 2025 11:09:26.60 I0000 00:00:1749434966.601979    7084 voice_transcription.cc:58] Registering VoiceTranscriptionCapability
6월 09, 2025 11:09:26.72 [17172:9212:0609/110926.723:ERROR:google_apis\gcm\engine\registration_request.cc:291] Registration response error message: DEPRECATED_ENDPOINT
6월 09, 2025 11:09:26.82 Created TensorFlow Lite XNNPACK delegate for CPU.
6월 09, 2025 11:09:50.57 [17172:9212:0609/110950.579:ERROR:google_apis\gcm\engine\registration_request.cc:291] Registration response error message: DEPRECATED_ENDPOINT
6월 09, 2025 11:10:48.15 [17172:9212:0609/111048.152:ERROR:google_apis\gcm\engine\registration_request.cc:291] Registration response error message: DEPRECATED_ENDPOINT
6월 09, 2025 11:12:48.01 [17172:9212:0609/111248.010:ERROR:google_apis\gcm\engine\registration_request.cc:291] Registration response error message: DEPRECATED_ENDPOINT
6월 09, 2025 11:15:44.05 [17172:9212:0609/111544.059:ERROR:google_apis\gcm\engine\registration_request.cc:291] Registration response error message: DEPRECATED_ENDPOINT
6월 09, 2025 11:19:42.98 [14588:10652:0609/111942.984:ERROR:chrome\browser\policy\cloud\fm_registration_token_uploader.cc:179] Client is missing for kUser scope
6월 09, 2025 11:19:42.98 WARNING: All log messages before absl::InitializeLog() is called are written to STDERR
6월 09, 2025 11:19:42.98 I0000 00:00:1749435582.988933   17080 voice_transcription.cc:58] Registering VoiceTranscriptionCapability
6월 09, 2025 11:19:43.02 Created TensorFlow Lite XNNPACK delegate for CPU.
6월 09, 2025 11:19:43.20 [14588:3412:0609/111943.203:ERROR:google_apis\gcm\engine\registration_request.cc:291] Registration response error message: DEPRECATED_ENDPOINT
6월 09, 2025 11:20:12.09 [14588:3412:0609/112012.091:ERROR:google_apis\gcm\engine\registration_request.cc:291] Registration response error message: DEPRECATED_ENDPOINT
6월 09, 2025 11:21:00.48 [14588:3412:0609/112100.486:ERROR:google_apis\gcm\engine\registration_request.cc:291] Registration response error message: QUOTA_EXCEEDED
6월 09, 2025 17:57:17.08 [14588:10652:0609/175717.085:ERROR:mojo\public\cpp\bindings\lib\interface_endpoint_client.cc:732] Message 1 rejected by interface blink.mojom.WidgetHost

6월 10, 2025 10:02:29.89 NEW SESSION
6월 10, 2025 10:02:29.90 [6180:5272:0610/100229.896:ERROR:chrome\browser\policy\cloud\fm_registration_token_uploader.cc:179] Client is missing for kUser scope
6월 10, 2025 10:02:29.99 WARNING: All log messages before absl::InitializeLog() is called are written to STDERR
6월 10, 2025 10:02:29.99 I0000 00:00:1749517349.995426   11476 voice_transcription.cc:58] Registering VoiceTranscriptionCapability
6월 10, 2025 10:02:30.08 [6180:10824:0610/100230.085:ERROR:google_apis\gcm\engine\registration_request.cc:291] Registration response error message: DEPRECATED_ENDPOINT
6월 10, 2025 10:02:30.22 Created TensorFlow Lite XNNPACK delegate for CPU.
6월 10, 2025 10:02:51.82 [6180:10824:0610/100251.825:ERROR:google_apis\gcm\engine\registration_request.cc:291] Registration response error message: DEPRECATED_ENDPOINT
6월 10, 2025 10:03:42.84 [6180:10824:0610/100342.847:ERROR:google_apis\gcm\engine\registration_request.cc:291] Registration response error message: DEPRECATED_ENDPOINT
6월 10, 2025 10:05:21.83 [6180:10824:0610/100521.838:ERROR:google_apis\gcm\engine\registration_request.cc:291] Registration response error message: DEPRECATED_ENDPOINT
6월 10, 2025 10:09:00.74 [6180:10824:0610/100900.744:ERROR:google_apis\gcm\engine\registration_request.cc:291] Registration response error message: DEPRECATED_ENDPOINT
6월 10, 2025 10:16:06.65 [6180:10824:0610/101606.652:ERROR:google_apis\gcm\engine\registration_request.cc:291] Registration response error message: DEPRECATED_ENDPOINT
6월 10, 2025 13:10:29.96 [13356:3904:0610/131029.965:ERROR:chrome\browser\policy\cloud\fm_registration_token_uploader.cc:179] Client is missing for kUser scope
6월 10, 2025 13:10:29.97 WARNING: All log messages before absl::InitializeLog() is called are written to STDERR
6월 10, 2025 13:10:29.97 I0000 00:00:1749528629.972426     944 voice_transcription.cc:58] Registering VoiceTranscriptionCapability
6월 10, 2025 13:10:30.00 Created TensorFlow Lite XNNPACK delegate for CPU.
6월 10, 2025 13:10:30.11 [13356:7220:0610/131030.114:ERROR:google_apis\gcm\engine\registration_request.cc:291] Registration response error message: DEPRECATED_ENDPOINT
6월 10, 2025 13:10:58.61 [13356:7220:0610/131058.611:ERROR:google_apis\gcm\engine\registration_request.cc:291] Registration response error message: DEPRECATED_ENDPOINT
6월 10, 2025 13:11:56.35 [13356:7220:0610/131156.358:ERROR:google_apis\gcm\engine\registration_request.cc:291] Registration response error message: DEPRECATED_ENDPOINT
6월 10, 2025 13:13:46.50 [13356:7220:0610/131346.502:ERROR:google_apis\gcm\engine\registration_request.cc:291] Registration response error message: QUOTA_EXCEEDED

6월 11, 2025 12:12:27.80 NEW SESSION
6월 11, 2025 12:12:27.81 [9604:2740:0611/121227.802:ERROR:chrome\browser\policy\cloud\fm_registration_token_uploader.cc:179] Client is missing for kUser scope
6월 11, 2025 12:12:27.81 WARNING: All log messages before absl::InitializeLog() is called are written to STDERR
6월 11, 2025 12:12:27.81 I0000 00:00:1749611547.807363    9140 voice_transcription.cc:58] Registering VoiceTranscriptionCapability
6월 11, 2025 12:12:27.84 Created TensorFlow Lite XNNPACK delegate for CPU.
6월 11, 2025 12:12:27.98 [9604:3792:0611/121227.981:ERROR:google_apis\gcm\engine\registration_request.cc:291] Registration response error message: DEPRECATED_ENDPOINT
6월 11, 2025 12:12:56.83 [9604:3792:0611/121256.835:ERROR:google_apis\gcm\engine\registration_request.cc:291] Registration response error message: DEPRECATED_ENDPOINT
6월 11, 2025 12:13:55.33 [9604:3792:0611/121355.335:ERROR:google_apis\gcm\engine\registration_request.cc:291] Registration response error message: DEPRECATED_ENDPOINT
6월 11, 2025 12:15:33.79 [9604:3792:0611/121533.799:ERROR:google_apis\gcm\engine\registration_request.cc:291] Registration response error message: DEPRECATED_ENDPOINT
6월 11, 2025 12:26:57.89 [5064:13220:0611/122657.893:ERROR:chrome\browser\policy\cloud\fm_registration_token_uploader.cc:179] Client is missing for kUser scope
6월 11, 2025 12:26:57.89 WARNING: All log messages before absl::InitializeLog() is called are written to STDERR
6월 11, 2025 12:26:57.89 I0000 00:00:1749612417.898129   14640 voice_transcription.cc:58] Registering VoiceTranscriptionCapability
6월 11, 2025 12:26:57.93 Created TensorFlow Lite XNNPACK delegate for CPU.
6월 11, 2025 12:26:58.03 [5064:8548:0611/122658.038:ERROR:google_apis\gcm\engine\registration_request.cc:291] Registration response error message: DEPRECATED_ENDPOINT
6월 11, 2025 12:27:26.52 [5064:8548:0611/122726.529:ERROR:google_apis\gcm\engine\registration_request.cc:291] Registration response error message: DEPRECATED_ENDPOINT
6월 11, 2025 12:28:17.80 [5064:8548:0611/122817.804:ERROR:google_apis\gcm\engine\registration_request.cc:291] Registration response error message: DEPRECATED_ENDPOINT
6월 11, 2025 12:29:52.88 [5064:8548:0611/122952.888:ERROR:google_apis\gcm\engine\registration_request.cc:291] Registration response error message: DEPRECATED_ENDPOINT
6월 11, 2025 12:33:27.00 [5064:8548:0611/123327.000:ERROR:google_apis\gcm\engine\registration_request.cc:291] Registration response error message: DEPRECATED_ENDPOINT
6월 11, 2025 12:38:50.34 [5064:8548:0611/123850.341:ERROR:google_apis\gcm\engine\registration_request.cc:291] Registration response error message: DEPRECATED_ENDPOINT
6월 11, 2025 13:16:12.90 [2844:11800:0611/131612.902:ERROR:chrome\browser\policy\cloud\fm_registration_token_uploader.cc:179] Client is missing for kUser scope
6월 11, 2025 13:16:12.90 WARNING: All log messages before absl::InitializeLog() is called are written to STDERR
6월 11, 2025 13:16:12.90 I0000 00:00:1749615372.906749   13920 voice_transcription.cc:58] Registering VoiceTranscriptionCapability
6월 11, 2025 13:16:12.94 Created TensorFlow Lite XNNPACK delegate for CPU.
6월 11, 2025 13:16:13.05 [2844:1104:0611/131613.059:ERROR:google_apis\gcm\engine\registration_request.cc:291] Registration response error message: DEPRECATED_ENDPOINT
6월 11, 2025 13:16:38.39 [2844:1104:0611/131638.392:ERROR:google_apis\gcm\engine\registration_request.cc:291] Registration response error message: DEPRECATED_ENDPOINT
6월 11, 2025 13:17:25.95 [2844:1104:0611/131725.954:ERROR:google_apis\gcm\engine\registration_request.cc:291] Registration response error message: DEPRECATED_ENDPOINT
6월 11, 2025 13:19:25.27 [2844:1104:0611/131925.279:ERROR:google_apis\gcm\engine\registration_request.cc:291] Registration response error message: DEPRECATED_ENDPOINT
6월 11, 2025 13:22:27.95 [2844:1104:0611/132227.957:ERROR:google_apis\gcm\engine\registration_request.cc:291] Registration response error message: DEPRECATED_ENDPOINT
6월 11, 2025 13:28:57.58 [2844:1104:0611/132857.584:ERROR:google_apis\gcm\engine\registration_request.cc:291] Registration response error message: DEPRECATED_ENDPOINT
6월 11, 2025 14:42:03.31 [13408:8020:0611/144203.314:ERROR:chrome\browser\policy\cloud\fm_registration_token_uploader.cc:179] Client is missing for kUser scope
6월 11, 2025 14:42:03.32 WARNING: All log messages before absl::InitializeLog() is called are written to STDERR
6월 11, 2025 14:42:03.32 I0000 00:00:1749620523.323879    7416 voice_transcription.cc:58] Registering VoiceTranscriptionCapability
6월 11, 2025 14:42:03.37 Created TensorFlow Lite XNNPACK delegate for CPU.
6월 11, 2025 14:42:03.45 [13408:8752:0611/144203.453:ERROR:google_apis\gcm\engine\registration_request.cc:291] Registration response error message: DEPRECATED_ENDPOINT
6월 11, 2025 14:58:20.28 [15668:16016:0611/145820.284:ERROR:chrome\browser\policy\cloud\fm_registration_token_uploader.cc:179] Client is missing for kUser scope
6월 11, 2025 14:58:20.29 WARNING: All log messages before absl::InitializeLog() is called are written to STDERR
6월 11, 2025 14:58:20.29 I0000 00:00:1749621500.292124    9064 voice_transcription.cc:58] Registering VoiceTranscriptionCapability
6월 11, 2025 14:58:20.33 Created TensorFlow Lite XNNPACK delegate for CPU.
6월 11, 2025 14:58:20.45 [15668:6492:0611/145820.451:ERROR:google_apis\gcm\engine\registration_request.cc:291] Registration response error message: DEPRECATED_ENDPOINT
6월 11, 2025 14:58:45.48 [15668:6492:0611/145845.480:ERROR:google_apis\gcm\engine\registration_request.cc:291] Registration response error message: DEPRECATED_ENDPOINT
6월 11, 2025 14:59:38.40 [15668:6492:0611/145938.408:ERROR:google_apis\gcm\engine\registration_request.cc:291] Registration response error message: DEPRECATED_ENDPOINT
6월 11, 2025 15:01:23.42 [15668:6492:0611/150123.425:ERROR:google_apis\gcm\engine\registration_request.cc:291] Registration response error message: DEPRECATED_ENDPOINT
6월 11, 2025 15:05:22.22 [15668:6492:0611/150522.227:ERROR:google_apis\gcm\engine\registration_request.cc:291] Registration response error message: DEPRECATED_ENDPOINT
6월 11, 2025 15:12:11.89 [15668:6492:0611/151211.892:ERROR:google_apis\gcm\engine\registration_request.cc:291] Registration response error message: DEPRECATED_ENDPOINT
6월 11, 2025 17:01:16.87 [15668:6492:0611/170116.877:ERROR:google_apis\gcm\engine\connection_factory_impl.cc:483] ConnectionHandler failed with net error: -2

6월 12, 2025 12:12:57.23 NEW SESSION
6월 12, 2025 12:12:57.24 [13144:2184:0612/121257.232:ERROR:chrome\browser\policy\cloud\fm_registration_token_uploader.cc:179] Client is missing for kUser scope
6월 12, 2025 12:12:57.38 [13144:11100:0612/121257.388:ERROR:google_apis\gcm\engine\registration_request.cc:291] Registration response error message: DEPRECATED_ENDPOINT
6월 12, 2025 12:12:57.44 WARNING: All log messages before absl::InitializeLog() is called are written to STDERR
6월 12, 2025 12:12:57.44 I0000 00:00:1749697977.447352    1084 voice_transcription.cc:58] Registering VoiceTranscriptionCapability
6월 12, 2025 12:12:57.58 Created TensorFlow Lite XNNPACK delegate for CPU.
6월 12, 2025 12:13:27.53 [13144:11100:0612/121327.534:ERROR:google_apis\gcm\engine\registration_request.cc:291] Registration response error message: DEPRECATED_ENDPOINT
6월 12, 2025 12:14:01.98 [2636:8560:0612/121401.983:ERROR:chrome\browser\policy\cloud\fm_registration_token_uploader.cc:179] Client is missing for kUser scope
6월 12, 2025 12:14:01.98 WARNING: All log messages before absl::InitializeLog() is called are written to STDERR
6월 12, 2025 12:14:01.98 I0000 00:00:1749698041.988787   17236 voice_transcription.cc:58] Registering VoiceTranscriptionCapability
6월 12, 2025 12:14:02.02 Created TensorFlow Lite XNNPACK delegate for CPU.
6월 12, 2025 12:14:02.13 [2636:8792:0612/121402.131:ERROR:google_apis\gcm\engine\registration_request.cc:291] Registration response error message: DEPRECATED_ENDPOINT
6월 12, 2025 12:14:24.38 [2636:8792:0612/121424.386:ERROR:google_apis\gcm\engine\registration_request.cc:291] Registration response error message: DEPRECATED_ENDPOINT
6월 12, 2025 12:15:28.81 [15548:16540:0612/121528.810:ERROR:chrome\browser\policy\cloud\fm_registration_token_uploader.cc:179] Client is missing for kUser scope
6월 12, 2025 12:15:28.81 WARNING: All log messages before absl::InitializeLog() is called are written to STDERR
6월 12, 2025 12:15:28.81 I0000 00:00:1749698128.815129    6692 voice_transcription.cc:58] Registering VoiceTranscriptionCapability
6월 12, 2025 12:15:28.84 Created TensorFlow Lite XNNPACK delegate for CPU.
6월 12, 2025 12:15:28.96 [15548:9268:0612/121528.965:ERROR:google_apis\gcm\engine\registration_request.cc:291] Registration response error message: DEPRECATED_ENDPOINT
6월 12, 2025 12:16:39.55 [16152:10280:0612/121639.554:ERROR:chrome\browser\policy\cloud\fm_registration_token_uploader.cc:179] Client is missing for kUser scope
6월 12, 2025 12:16:39.56 WARNING: All log messages before absl::InitializeLog() is called are written to STDERR
6월 12, 2025 12:16:39.56 I0000 00:00:1749698199.559955    1088 voice_transcription.cc:58] Registering VoiceTranscriptionCapability
6월 12, 2025 12:16:39.59 Created TensorFlow Lite XNNPACK delegate for CPU.
6월 12, 2025 12:16:39.70 [16152:13980:0612/121639.703:ERROR:google_apis\gcm\engine\registration_request.cc:291] Registration response error message: DEPRECATED_ENDPOINT
6월 12, 2025 12:17:17.48 [4864:18380:0612/121717.484:ERROR:chrome\browser\policy\cloud\fm_registration_token_uploader.cc:179] Client is missing for kUser scope
6월 12, 2025 12:17:17.49 WARNING: All log messages before absl::InitializeLog() is called are written to STDERR
6월 12, 2025 12:17:17.49 I0000 00:00:1749698237.490906   17156 voice_transcription.cc:58] Registering VoiceTranscriptionCapability
6월 12, 2025 12:17:17.52 Created TensorFlow Lite XNNPACK delegate for CPU.
6월 12, 2025 12:17:17.62 [4864:10168:0612/121717.629:ERROR:google_apis\gcm\engine\registration_request.cc:291] Registration response error message: DEPRECATED_ENDPOINT
6월 12, 2025 12:19:29.81 [13964:7532:0612/121929.810:ERROR:chrome\browser\policy\cloud\fm_registration_token_uploader.cc:179] Client is missing for kUser scope
6월 12, 2025 12:19:29.81 WARNING: All log messages before absl::InitializeLog() is called are written to STDERR
6월 12, 2025 12:19:29.81 I0000 00:00:1749698369.817488   14840 voice_transcription.cc:58] Registering VoiceTranscriptionCapability
6월 12, 2025 12:19:29.85 Created TensorFlow Lite XNNPACK delegate for CPU.
6월 12, 2025 12:19:29.97 [13964:13324:0612/121929.973:ERROR:google_apis\gcm\engine\registration_request.cc:291] Registration response error message: DEPRECATED_ENDPOINT
6월 12, 2025 12:19:58.22 [13964:13324:0612/121958.221:ERROR:google_apis\gcm\engine\registration_request.cc:291] Registration response error message: DEPRECATED_ENDPOINT
6월 12, 2025 12:20:51.19 [13964:13324:0612/122051.191:ERROR:google_apis\gcm\engine\registration_request.cc:291] Registration response error message: DEPRECATED_ENDPOINT
6월 12, 2025 12:25:57.91 [15040:3616:0612/122557.912:ERROR:chrome\browser\policy\cloud\fm_registration_token_uploader.cc:179] Client is missing for kUser scope
6월 12, 2025 12:25:57.91 WARNING: All log messages before absl::InitializeLog() is called are written to STDERR
6월 12, 2025 12:25:57.91 I0000 00:00:1749698757.920163   16572 voice_transcription.cc:58] Registering VoiceTranscriptionCapability
6월 12, 2025 12:25:57.95 Created TensorFlow Lite XNNPACK delegate for CPU.
6월 12, 2025 12:25:58.06 [15040:13784:0612/122558.066:ERROR:google_apis\gcm\engine\registration_request.cc:291] Registration response error message: DEPRECATED_ENDPOINT
6월 12, 2025 12:26:18.95 [15040:13784:0612/122618.954:ERROR:google_apis\gcm\engine\connection_factory_impl.cc:434] Failed to connect to MCS endpoint with error -118
6월 12, 2025 12:26:26.68 [15040:13784:0612/122626.687:ERROR:google_apis\gcm\engine\registration_request.cc:291] Registration response error message: DEPRECATED_ENDPOINT
6월 12, 2025 12:27:03.37 [15040:13784:0612/122703.375:ERROR:google_apis\gcm\engine\connection_factory_impl.cc:434] Failed to connect to MCS endpoint with error -118
6월 12, 2025 12:27:22.45 [15040:13784:0612/122722.452:ERROR:google_apis\gcm\engine\registration_request.cc:291] Registration response error message: DEPRECATED_ENDPOINT
6월 12, 2025 12:28:20.44 [15040:13784:0612/122820.446:ERROR:google_apis\gcm\engine\connection_factory_impl.cc:434] Failed to connect to MCS endpoint with error -118
6월 12, 2025 12:28:58.64 [15040:13784:0612/122858.649:ERROR:google_apis\gcm\engine\registration_request.cc:291] Registration response error message: DEPRECATED_ENDPOINT
6월 12, 2025 12:32:24.11 [15040:13784:0612/123224.114:ERROR:google_apis\gcm\engine\registration_request.cc:291] Registration response error message: DEPRECATED_ENDPOINT
6월 12, 2025 12:38:10.01 [15040:13784:0612/123810.019:ERROR:google_apis\gcm\engine\registration_request.cc:291] Registration response error message: DEPRECATED_ENDPOINT
6월 12, 2025 13:08:36.07 [15040:3616:0612/130836.077:ERROR:mojo\public\cpp\bindings\lib\interface_endpoint_client.cc:732] Message 0 rejected by interface blink.mojom.WidgetHost
6월 12, 2025 17:56:05.77 [15040:3616:0612/175605.775:ERROR:mojo\public\cpp\bindings\lib\interface_endpoint_client.cc:732] Message 0 rejected by interface blink.mojom.WidgetHost

6월 13, 2025 10:06:50.65 NEW SESSION
6월 13, 2025 10:06:50.66 [8756:14396:0613/100650.655:ERROR:chrome\browser\policy\cloud\fm_registration_token_uploader.cc:179] Client is missing for kUser scope
6월 13, 2025 10:06:50.69 WARNING: All log messages before absl::InitializeLog() is called are written to STDERR
6월 13, 2025 10:06:50.69 I0000 00:00:1749776810.697482    5160 voice_transcription.cc:58] Registering VoiceTranscriptionCapability
6월 13, 2025 10:06:50.84 [8756:10404:0613/100650.841:ERROR:google_apis\gcm\engine\registration_request.cc:291] Registration response error message: DEPRECATED_ENDPOINT
6월 13, 2025 10:06:50.97 Created TensorFlow Lite XNNPACK delegate for CPU.
6월 13, 2025 10:07:18.46 [8756:10404:0613/100718.469:ERROR:google_apis\gcm\engine\registration_request.cc:291] Registration response error message: DEPRECATED_ENDPOINT
6월 13, 2025 10:08:03.16 [8756:10404:0613/100803.162:ERROR:google_apis\gcm\engine\registration_request.cc:291] Registration response error message: DEPRECATED_ENDPOINT
6월 13, 2025 10:09:32.28 [8756:10404:0613/100932.283:ERROR:google_apis\gcm\engine\registration_request.cc:291] Registration response error message: DEPRECATED_ENDPOINT
6월 13, 2025 10:12:15.18 [8756:10404:0613/101215.183:ERROR:google_apis\gcm\engine\registration_request.cc:291] Registration response error message: DEPRECATED_ENDPOINT
6월 13, 2025 10:17:53.66 [8756:10404:0613/101753.669:ERROR:google_apis\gcm\engine\registration_request.cc:291] Registration response error message: DEPRECATED_ENDPOINT
6월 13, 2025 11:41:57.90 [6796:14056:0613/114157.908:ERROR:chrome\browser\policy\cloud\fm_registration_token_uploader.cc:179] Client is missing for kUser scope
6월 13, 2025 11:41:57.91 WARNING: All log messages before absl::InitializeLog() is called are written to STDERR
6월 13, 2025 11:41:57.91 I0000 00:00:1749782517.914503    5048 voice_transcription.cc:58] Registering VoiceTranscriptionCapability
6월 13, 2025 11:41:57.94 Created TensorFlow Lite XNNPACK delegate for CPU.
6월 13, 2025 11:41:58.05 [6796:4956:0613/114158.056:ERROR:google_apis\gcm\engine\registration_request.cc:291] Registration response error message: DEPRECATED_ENDPOINT
6월 13, 2025 11:42:21.59 [6796:4956:0613/114221.593:ERROR:google_apis\gcm\engine\registration_request.cc:291] Registration response error message: QUOTA_EXCEEDED
6월 13, 2025 13:07:37.76 [6796:14056:0613/130737.760:ERROR:mojo\public\cpp\bindings\lib\interface_endpoint_client.cc:732] Message 1 rejected by interface blink.mojom.WidgetHost

6월 16, 2025 11:35:49.50 NEW SESSION
6월 16, 2025 11:35:49.51 WARNING: All log messages before absl::InitializeLog() is called are written to STDERR
6월 16, 2025 11:35:49.51 I0000 00:00:1750041349.504062   17732 voice_transcription.cc:58] Registering VoiceTranscriptionCapability
6월 16, 2025 11:35:49.54 Created TensorFlow Lite XNNPACK delegate for CPU.
6월 16, 2025 14:57:38.62 [13040:2268:0616/145738.626:ERROR:CONSOLE:86] "Blocked script execution in 'data:text/html;charset=utf-8,%0D%0A%0D%0A%3C!DOCTYPE%20html%3E%0D%0A%3Chtml%3E%0D%0A%3Chead%3E%0D%0A%3Cmeta%20charset%3D%22UTF-8%22%3E%0D%0A%20%3Cstyle%3E%0D%0A%20%20%20%20%20%20*%20%7B%0D%0A%20%20%20%20%20%20%20%20margin%3A%200%3B%0D%0A%20%20%20%20%20%20%20%20padding%3A%200%3B%0D%0A%20%20%20%20%20%20%20%20box-sizing%3A%20border-box%3B%0D%0A%20%20%20%20%20%20%7D%0D%0A%20%20%20%20%20%20body%20%7B%0D%0A%20%20%20%20%20%20%20%20font-family%3A%20sans-serif%3B%0D%0A%20%20%20%20%20%20%20%20display%3A%20flex%3B%0D...%A9%20%EC%8B%9C%20SNS%EA%B3%84%EC%A0%95%EC%9D%98%20%EB%A1%9C%EA%B7%B8%EC%95%84%EC%9B%83%20%EC%83%81%ED%83%9C%EB%A5%BC%20%EA%BC%AD%0D%0A%20%20%20%20%20%20%ED%99%95%EC%9D%B8%ED%95%B4%20%EC%A3%BC%EC%84%B8%EC%9A%94.%0D%0A%20%20%20%20%3C%2Fp%3E%0D%0A%20%20%20%20%3Ca%20href%3D%22%2Fkyobo%2Fsign%20up.html%22%0D%0A%20%20%20%20%20%20%3E%3Cinput%20class%3D%22signupbtn%22%20type%3D%22button%22%20value%3D%22%ED%9A%8C%EC%9B%90%EA%B0%80%EC%9E%85%22%0D%0A%20%20%20%20%2F%3E%3C%2Fa%3E%0D%0A%3C%2Fbody%3E%0D%0A%3C%2Fhtml%3E' because the document's frame is sandboxed and the 'allow-scripts' permission is not set.", source: data:text/html;charset=utf-8,%0D%0A%0D%0A%3C!DOCTYPE%20html%3E%0D%0A%3Chtml%3E%0D%0A%3Chead%3E%0D%0A%3Cmeta%20charset%3D%22UTF-8%22%3E%0D%0A%20%3Cstyle%3E%0D%0A%20%20%20%20%20%20*%20%7B%0D%0A%20%20%20%20%20%20%20%20margin%3A%200%3B%0D%0A%20%20%20%20%20%20%20%20padding%3A%200%3B%0D%0A%20%20%20%20%20%20%20%20box-sizing%3A%20border-box%3B%0D%0A%20%20%20%20%20%20%7D%0D%0A%20%20%20%20%20%20body%20%7B%0D%0A%20%20%20%20%20%20%20%20font-family%3A%20sans-serif%3B%0D%0A%20%20%20%20%20%20%20%20display%3A%20flex%3B%0D%0A%20%20%20%20%20%20%20%20justify-content%3A%20center%3B%0D%0A%20%20%20%20%20%20%20%20align-items%3A%20center%3B%0D%0A%20%20%20%20%20%20%20%20background%3A%20%23fff%3B%0D%0A%20%20%20%20%20%20%20%20padding%3A%2050px%3B%0D%0A%20%20%20%20%20%20%20%20flex-direction%3A%20column%3B%0D%0A%0D%0A%20%20%20%20%20%20%20%20transform-origin%3A%20top%20center%3B%0D%0A%20%20%20%20%20%20%7D%0D%0A%20%20%20%20%20form%7B%0D%0A%20%20%20%20%20%09font-family%3A%20sans-serif%3B%0D%0A%20%20%20%20%20%20%20%20display%3A%20flex%3B%0D%0A%20%20%20%20%20%20%20%20justify-content%3A%20center%3B%0D%0A%20%20%20%20%20%20%20%20align-items%3A%20center%3B%0D%0A%20%20%20%20%20%20%20%20flex-direction%3A%20column%3B%0D%0A%0D%0A%20%20%20%20%20%20%20%20transform-origin%3A%20top%20center%3B%0D%0A%20%20%20%20%20%7D%0D%0A%20%20%20%20%20%20.logo%20img%20%7B%0D%0A%20%20%20%20%20%20%20%20height%3A%2050px%3B%0D%0A%20%20%20%20%20%20%20%20margin-bottom%3A%2030px%3B%0D%0A%20%20%20%20%20%20%20%20width%3A%20170px%3B%0D%0A%20%20%20%20%20%20%7D%0D%0A%20%20%20%20%20%20.formip%20%7B%0D%0A%20%20%20%20%20%20%20%20width%3A%20340px%3B%0D%0A%20%20%20%20%20%20%20%20height%3A%2050px%3B%0D%0A%20%20%20%20%20%20%20%20border%3A%201px%20solid%20%23d5d5d5%3B%0D%0A%20%20%20%20%20%20%20%20border-radius%3A%207px%3B%0D%0A%20%20%20%20%20%20%20%20font-size%3A%2014px%3B%0D%0A%20%20%20%20%20%20%20%20padding-left%3A%2010px%3B%0D%0A%20%20%20%20%20%20%7D%0D%0A%20%20%20%20%20%20.loginbtn%20%7B%0D%0A%20%20%20%20%20%20%20%20width%3A%20340px%3B%0D%0A%20%20%20%20%20%20%20%20height%3A%2050px%3B%0D%0A%20%20%20%20%20%20%20%20margin-top%3A%2020px%3B%0D%0A%20%20%20%20%20%20%20%20background-color%3A%20%235055b1%3B%0D%0A%20%20%20%20%20%20%20%20border%3A%20solid%20%235055b1%3B%0D%0A%20%20%20%20%20%20%20%20border-radius%3A%207px%3B%0D%0A%20%20%20%20%20%20%20%20color%3A%20%23fff%3B%0D%0A%20%20%20%20%20%20%20%20font-size%3A%2016px%3B%0D%0A%20%20%20%20%20%20%20%20margin-bottom%3A%2020px%3B%0D%0A%20%20%20%20%20%20%20%20font-weight%3A%20bold%3B%0D%0A%20%20%20%20%20%20%20%20%0D%0A%20%20%20%20%20%20%7D%0D%0A%20%20%20%20%20%20.text%20%7B%0D%0A%20%20%20%20%20%20%20%20color%3A%20%23767676%3B%0D%0A%20%20%20%20%20%20%20%20font-size%3A%2013px%3B%0D%0A%20%20%20%20%20%20%7D%0D%0A%20%20%20%20%20%20.signupbtn%20%7B%0D%0A%20%20%20%20%20%20%20%20width%3A%20340px%3B%0D%0A%20%20%20%20%20%20%20%20height%3A%2050px%3B%0D%0A%20%20%20%20%20%20%20%20background-color%3A%20white%3B%0D%0A%20%20%20%20%20%20%20%20border-radius%3A%207px%3B%0D%0A%20%20%20%20%20%20%20%20border%3A%201px%20solid%20%235055b1%3B%0D%0A%20%20%20%20%20%20%20%20font-size%3A%2016px%3B%0D%0A%20%20%20%20%20%20%20%20margin-top%3A%2020px%3B%0D%0A%20%20%20%20%20%20%20%20font-weight%3A%20bold%3B%0D%0A%20%20%20%20%20%20%7D%0D%0A%20%20%20%20%3C%2Fstyle%3E%0D%0A%3Ctitle%3E%EB%A1%9C%EA%B7%B8%EC%9D%B8%3C%2Ftitle%3E%0D%0A%3C%2Fhead%3E%0D%0A%3Cbody%3E%0D%0A%20%09%20%20%3Cdiv%20class%3D%22logo%22%3E%0D%0A%20%20%20%20%3Ca%20href%3D%22%2Fkyobo%2Findex.html%22%3E%0D%0A%20%20%20%20%20%20%3Cimg%20src%3D%22%2Fkyobo%2Fimg%2Flogo_book.svg%22%20alt%3D%22%EA%B5%90%EB%B3%B4%EB%AC%B8%EA%B3%A0%20%EB%A1%9C%EA%B3%A0%22%20%2F%3E%0D%0A%20%20%20%20%3C%2Fa%3E%0D%0A%20%20%09%3C%2Fdiv%3E%0D%0A%09%3Cform%20action%3D%22%2Fkyobo%2Flogin.do%09%22%20method%3D%22post%22%3E%0D%0A%20%20%20%20%3Cinput%20class%3D%22formip%22%20type%3D%22text%22%20placeholder%3D%22%EC%95%84%EC%9D%B4%EB%94%94%EB%A5%BC%20%EC%9E%85%EB%A0%A5%ED%95%B4%EC%A3%BC%EC%84%B8%EC%9A%94%22%20%2F%3E%0D%0A%0D%0A%20%20%20%20%3Cinput%20class%3D%22formip%22%20type%3D%22password%22%20placeholder%3D%22%EB%B9%84%EB%B0%80%EB%B2%88%ED%98%B8%EB%A5%BC%20%EC%9E%85%EB%A0%A5%ED%95%B4%EC%A3%BC%EC%84%B8%EC%9A%94%22%20%2F%3E%0D%0A%20%20%20%20%3Cinput%20class%3D%22loginbtn%22%20type%3D%22submit%22%20value%3D%22%EB%A1%9C%EA%B7%B8%EC%9D%B8%22%20onclick%3D%22return%20loginCheck()%22%2F%3E%0D%0A%20%20%20%20%3C%2Fform%3E%0D%0A%20%20%20%20%3Cp%20class%3D%22text%22%3E%0D%0A%20%20%20%20%20%20%EA%B0%9C%EC%9D%B8%EC%A0%95%EB%B3%B4%20%EB%B3%B4%ED%98%B8%EB%A5%BC%20%EC%9C%84%ED%95%B4%20%EA%B3%B5%EC%9A%A9%20PC%EC%97%90%EC%84%9C%20%EC%82%AC%EC%9A%A9%20%EC%8B%9C%20SNS%EA%B3%84%EC%A0%95%EC%9D%98%20%EB%A1%9C%EA%B7%B8%EC%95%84%EC%9B%83%20%EC%83%81%ED%83%9C%EB%A5%BC%20%EA%BC%AD%0D%0A%20%20%20%20%20%20%ED%99%95%EC%9D%B8%ED%95%B4%20%EC%A3%BC%EC%84%B8%EC%9A%94.%0D%0A%20%20%20%20%3C%2Fp%3E%0D%0A%20%20%20%20%3Ca%20href%3D%22%2Fkyobo%2Fsign%20up.html%22%0D%0A%20%20%20%20%20%20%3E%3Cinput%20class%3D%22signupbtn%22%20type%3D%22button%22%20value%3D%22%ED%9A%8C%EC%9B%90%EA%B0%80%EC%9E%85%22%0D%0A%20%20%20%20%2F%3E%3C%2Fa%3E%0D%0A%3C%2Fbody%3E%0D%0A%3C%2Fhtml%3E (86)
6월 16, 2025 16:08:05.02 [13040:2268:0616/160805.021:ERROR:mojo\public\cpp\bindings\lib\interface_endpoint_client.cc:732] Message 0 rejected by interface blink.mojom.WidgetHost

6월 17, 2025 09:34:14.63 NEW SESSION
6월 17, 2025 09:34:14.64 WARNING: All log messages before absl::InitializeLog() is called are written to STDERR
6월 17, 2025 09:34:14.64 I0000 00:00:1750120454.638487   10168 voice_transcription.cc:58] Registering VoiceTranscriptionCapability
6월 17, 2025 09:34:14.99 Created TensorFlow Lite XNNPACK delegate for CPU.

6월 17, 2025 10:24:52.33 NEW SESSION
6월 17, 2025 10:24:52.35 WARNING: All log messages before absl::InitializeLog() is called are written to STDERR
6월 17, 2025 10:24:52.35 I0000 00:00:1750123492.332471   12504 voice_transcription.cc:58] Registering VoiceTranscriptionCapability
6월 17, 2025 10:24:52.37 Created TensorFlow Lite XNNPACK delegate for CPU.
6월 17, 2025 11:51:49.59 [11808:2164:0617/115149.591:ERROR:mojo\public\cpp\bindings\lib\interface_endpoint_client.cc:732] Message 0 rejected by interface blink.mojom.WidgetHost
6월 17, 2025 12:51:06.93 [11808:2164:0617/125106.934:ERROR:mojo\public\cpp\bindings\lib\interface_endpoint_client.cc:732] Message 0 rejected by interface blink.mojom.WidgetHost

6월 17, 2025 14:24:13.87 NEW SESSION
6월 17, 2025 14:24:13.88 WARNING: All log messages before absl::InitializeLog() is called are written to STDERR
6월 17, 2025 14:24:13.88 I0000 00:00:1750137853.873045   16800 voice_transcription.cc:58] Registering VoiceTranscriptionCapability
6월 17, 2025 14:24:13.91 Created TensorFlow Lite XNNPACK delegate for CPU.
6월 17, 2025 15:28:31.72 [13300:8560:0617/152831.724:ERROR:mojo\public\cpp\bindings\lib\interface_endpoint_client.cc:732] Message 0 rejected by interface blink.mojom.WidgetHost

6월 18, 2025 09:30:42.25 NEW SESSION
6월 18, 2025 09:30:42.26 WARNING: All log messages before absl::InitializeLog() is called are written to STDERR
6월 18, 2025 09:30:42.26 I0000 00:00:1750206642.253194    8568 voice_transcription.cc:58] Registering VoiceTranscriptionCapability
6월 18, 2025 09:30:42.52 Created TensorFlow Lite XNNPACK delegate for CPU.

6월 18, 2025 12:15:08.80 NEW SESSION
6월 18, 2025 12:15:08.81 WARNING: All log messages before absl::InitializeLog() is called are written to STDERR
6월 18, 2025 12:15:08.81 I0000 00:00:1750216508.800151   10172 voice_transcription.cc:58] Registering VoiceTranscriptionCapability
6월 18, 2025 12:15:08.95 Created TensorFlow Lite XNNPACK delegate for CPU.

6월 19, 2025 09:32:12.11 NEW SESSION
6월 19, 2025 09:32:12.12 WARNING: All log messages before absl::InitializeLog() is called are written to STDERR
6월 19, 2025 09:32:12.12 I0000 00:00:1750293132.108952    9080 voice_transcription.cc:58] Registering VoiceTranscriptionCapability
6월 19, 2025 09:32:12.49 Created TensorFlow Lite XNNPACK delegate for CPU.

6월 20, 2025 17:17:19.31 NEW SESSION
6월 20, 2025 17:17:19.33 WARNING: All log messages before absl::InitializeLog() is called are written to STDERR
6월 20, 2025 17:17:19.33 I0000 00:00:1750407439.313035   10980 voice_transcription.cc:58] Registering VoiceTranscriptionCapability
6월 20, 2025 17:17:19.34 Created TensorFlow Lite XNNPACK delegate for CPU.

6월 23, 2025 09:50:24.76 NEW SESSION
6월 23, 2025 09:50:24.77 WARNING: All log messages before absl::InitializeLog() is called are written to STDERR
6월 23, 2025 09:50:24.77 I0000 00:00:1750639824.766230    7692 voice_transcription.cc:58] Registering VoiceTranscriptionCapability
6월 23, 2025 09:50:24.95 Created TensorFlow Lite XNNPACK delegate for CPU.
